\BOOKMARK [0][-]{chapter.1}{Simmetrie non relativistiche}{}% 1
\BOOKMARK [1][-]{section.1.1}{Considerazioni generali}{chapter.1}% 2
\BOOKMARK [1][-]{section.1.2}{Sistemi di riferimento e coordinate}{chapter.1}% 3
\BOOKMARK [1][-]{section.1.3}{Il gruppo di Galilei}{chapter.1}% 4
\BOOKMARK [2][-]{subsection.1.3.1}{Sistemi inerziali}{section.1.3}% 5
\BOOKMARK [2][-]{subsection.1.3.2}{Trasformazioni di Galileo}{section.1.3}% 6
\BOOKMARK [2][-]{subsection.1.3.3}{Struttura di gruppo}{section.1.3}% 7
\BOOKMARK [1][-]{section.1.4}{Relativit\340 e meccanica}{chapter.1}% 8
\BOOKMARK [2][-]{subsection.1.4.1}{Addizione delle velocit\340}{section.1.4}% 9
\BOOKMARK [2][-]{subsection.1.4.2}{I due nuotatori}{section.1.4}% 10
\BOOKMARK [2][-]{subsection.1.4.3}{Equazioni del moto di Newton}{section.1.4}% 11
\BOOKMARK [2][-]{subsection.1.4.4}{Il fluido perfetto e la conduzione del calore}{section.1.4}% 12
\BOOKMARK [2][-]{subsection.1.4.5}{L'equazione di Schr\366dinger}{section.1.4}% 13
\BOOKMARK [1][-]{section.1.5}{Ottica non relativistica}{chapter.1}% 14
\BOOKMARK [0][-]{chapter.2}{Fondamenti di relativit\340 speciale}{}% 15
\BOOKMARK [1][-]{section.2.1}{L'equazione delle onde}{chapter.2}% 16
\BOOKMARK [1][-]{section.2.2}{Gli assiomi di Einstein}{chapter.2}% 17
\BOOKMARK [2][-]{subsection.2.2.1}{Osservazione sui postulati}{section.2.2}% 18
\BOOKMARK [2][-]{subsection.2.2.2}{La definizione del tempo}{section.2.2}% 19
\BOOKMARK [1][-]{section.2.3}{Le trasformazioni di Lorentz}{chapter.2}% 20
\BOOKMARK [2][-]{subsection.2.3.1}{Condizioni sulle trasformazioni}{section.2.3}% 21
\BOOKMARK [2][-]{subsection.2.3.2}{Trasformazioni speciali}{section.2.3}% 22
\BOOKMARK [2][-]{subsection.2.3.3}{La pi\371 generale trasformazione di Lorentz}{section.2.3}% 23
\BOOKMARK [2][-]{subsection.2.3.4}{Intervalli spaziali e temporali}{section.2.3}% 24
\BOOKMARK [2][-]{subsection.2.3.5}{Coordinate per un altro osservatore}{section.2.3}% 25
\BOOKMARK [2][-]{subsection.2.3.6}{Il cono luce}{section.2.3}% 26
\BOOKMARK [2][-]{subsection.2.3.7}{L'iperbole invariante}{section.2.3}% 27
\BOOKMARK [2][-]{subsection.2.3.8}{Addizione delle velocit\340}{section.2.3}% 28
\BOOKMARK [2][-]{subsection.2.3.9}{Effetto Doppler relativistico}{section.2.3}% 29
\BOOKMARK [2][-]{subsection.2.3.10}{Supersonic-boom}{section.2.3}% 30
\BOOKMARK [2][-]{subsection.2.3.11}{Onde di materia}{section.2.3}% 31
\BOOKMARK [0][-]{chapter.3}{Analisi tensoriale in relativit\340 speciale}{}% 32
\BOOKMARK [1][-]{section.3.1}{Vettori}{chapter.3}% 33
\BOOKMARK [2][-]{subsection.3.1.1}{Notazione}{section.3.1}% 34
\BOOKMARK [2][-]{subsection.3.1.2}{Trasformazione di basi}{section.3.1}% 35
\BOOKMARK [2][-]{subsection.3.1.3}{Trasformazione inversa}{section.3.1}% 36
\BOOKMARK [1][-]{section.3.2}{Tensori \040repstopdf\(\)0N}{chapter.3}% 37
\BOOKMARK [2][-]{subsection.3.2.1}{I tensori \040repstopdf\(\)01: le 1-forme}{section.3.2}% 38
\BOOKMARK [2][-]{subsection.3.2.2}{I tensori \040repstopdf\(\)02}{section.3.2}% 39
\BOOKMARK [2][-]{subsection.3.2.3}{Metrica come mappa tra vettori e 1-forme}{section.3.2}% 40
\BOOKMARK [1][-]{section.3.3}{Tensori \040repstopdf\(\)MN}{chapter.3}% 41
\BOOKMARK [2][-]{subsection.3.3.1}{Innalzamento, abbassamento di indici e contrazione}{section.3.3}% 42
\BOOKMARK [0][-]{chapter.4}{Equazioni invarianti}{}% 43
\BOOKMARK [1][-]{section.4.1}{Struttura del gruppo di Lorentz}{chapter.4}% 44
\BOOKMARK [1][-]{section.4.2}{Equazioni invarianti}{chapter.4}% 45
\BOOKMARK [2][-]{subsection.4.2.1}{Campi tensoriali}{section.4.2}% 46
\BOOKMARK [2][-]{subsection.4.2.2}{Equazione di Klein-Gordon}{section.4.2}% 47
\BOOKMARK [2][-]{subsection.4.2.3}{Equazione di Proca}{section.4.2}% 48
\BOOKMARK [2][-]{subsection.4.2.4}{Il cono luce e le relazioni causali}{section.4.2}% 49
\BOOKMARK [2][-]{subsection.4.2.5}{Curve}{section.4.2}% 50
\BOOKMARK [2][-]{subsection.4.2.6}{Quadrivelocit\340 e quadriaccelerazione}{section.4.2}% 51
\BOOKMARK [0][-]{chapter.5}{Dinamica relativistica di una particella}{}% 52
\BOOKMARK [1][-]{section.5.1}{Quadrimpulso, energia e forza}{chapter.5}% 53
\BOOKMARK [2][-]{subsection.5.1.1}{Equazioni del moto}{section.5.1}% 54
\BOOKMARK [1][-]{section.5.2}{Sistemi di particelle}{chapter.5}% 55
\BOOKMARK [2][-]{subsection.5.2.1}{Quadrimpulso totale}{section.5.2}% 56
\BOOKMARK [2][-]{subsection.5.2.2}{Sistema del centro di massa}{section.5.2}% 57
\BOOKMARK [2][-]{subsection.5.2.3}{Energia di soglia}{section.5.2}% 58
\BOOKMARK [2][-]{subsection.5.2.4}{Decadimenti}{section.5.2}% 59
\BOOKMARK [2][-]{subsection.5.2.5}{Effetto Compton relativistico}{section.5.2}% 60
\BOOKMARK [1][-]{section.5.3}{Il momento angolare}{chapter.5}% 61
\BOOKMARK [2][-]{subsection.5.3.1}{Precessione di Thomas}{section.5.3}% 62
\BOOKMARK [0][-]{chapter.6}{Elettrodinamica covariante}{}% 63
\BOOKMARK [1][-]{section.6.1}{Equazioni in forma covariante}{chapter.6}% 64
\BOOKMARK [2][-]{subsection.6.1.1}{Corrente elettrica}{section.6.1}% 65
\BOOKMARK [2][-]{subsection.6.1.2}{Trasformazione dei campi}{section.6.1}% 66
\BOOKMARK [2][-]{subsection.6.1.3}{Simmetrie locali}{section.6.1}% 67
\BOOKMARK [0][-]{chapter.7}{Principi variazionali}{}% 68
\BOOKMARK [1][-]{section.7.1}{Equazioni di Eulero-Lagrange}{chapter.7}% 69
\BOOKMARK [2][-]{subsection.7.1.1}{Campo scalare}{section.7.1}% 70
\BOOKMARK [2][-]{subsection.7.1.2}{Azione per una particella}{section.7.1}% 71
